This file contains any messages produced by compilers while
running configure, to aid debugging if configure makes a mistake.

It was created by nix-user-chroot configure 0.1, which was
generated by GNU Autoconf 2.69.  Invocation command line was

  $ ./configure 

## --------- ##
## Platform. ##
## --------- ##

hostname = teres
uname -m = aarch64
uname -r = 3.10.104
uname -s = Linux
uname -v = #1 SMP PREEMPT Tue Nov 7 10:19:28 EET 2017

/usr/bin/uname -p = unknown
/bin/uname -X     = unknown

/bin/arch              = unknown
/usr/bin/arch -k       = unknown
/usr/convex/getsysinfo = unknown
/usr/bin/hostinfo      = unknown
/bin/machine           = unknown
/usr/bin/oslevel       = unknown
/bin/universe          = unknown

PATH: /gnu/store/mci0029ixi3j69kxss4bybpsh6v6bf7x-profile/bin
PATH: /home/thrall/.nix-profile/bin
PATH: /usr/lib/ccache/bin/
PATH: /home/thrall/.cargo/bin
PATH: /home/thrall/.local/bin
PATH: /home/thrall/bin
PATH: /home/thrall/.cabal/bin
PATH: /nix/var/nix/profiles/default/bin
PATH: /usr/lib/ccache/bin/
PATH: /home/thrall/.cargo/bin
PATH: /home/thrall/.local/bin
PATH: /home/thrall/bin
PATH: /home/thrall/.cabal/bin
PATH: /gnu/store/mci0029ixi3j69kxss4bybpsh6v6bf7x-profile/bin
PATH: /home/thrall/.nix-profile/bin
PATH: /nix/var/nix/profiles/default/bin
PATH: /usr/lib/ccache/bin
PATH: /home/thrall/.cargo/bin
PATH: /home/thrall/.local/bin
PATH: /home/thrall/bin
PATH: /home/thrall/.cabal/bin
PATH: /gnu/store/mci0029ixi3j69kxss4bybpsh6v6bf7x-profile/bin
PATH: /home/thrall/.nix-profile/bin
PATH: /nix/var/nix/profiles/default/bin
PATH: /usr/lib/ccache/bin
PATH: /home/thrall/.cargo/bin
PATH: /home/thrall/.local/bin
PATH: /home/thrall/bin
PATH: /home/thrall/.cabal/bin
PATH: /usr/local/sbin
PATH: /usr/local/bin
PATH: /usr/sbin
PATH: /usr/bin
PATH: /sbin
PATH: /bin
PATH: /usr/games
PATH: /usr/local/games


## ----------- ##
## Core tests. ##
## ----------- ##

configure:1763: checking for a BSD-compatible install
configure:1831: result: /usr/bin/install -c
configure:1842: checking whether build environment is sane
configure:1897: result: yes
configure:2048: checking for a thread-safe mkdir -p
configure:2087: result: /bin/mkdir -p
configure:2094: checking for gawk
configure:2110: found /usr/bin/gawk
configure:2121: result: gawk
configure:2132: checking whether make sets $(MAKE)
configure:2154: result: yes
configure:2183: checking whether make supports nested variables
configure:2200: result: yes
configure:2473: checking that generated files are newer than configure
configure:2479: result: done
configure:2487: creating ./config.status

## ---------------------- ##
## Running config.status. ##
## ---------------------- ##

This file was extended by nix-user-chroot config.status 0.1, which was
generated by GNU Autoconf 2.69.  Invocation command line was

  CONFIG_FILES    = 
  CONFIG_HEADERS  = 
  CONFIG_LINKS    = 
  CONFIG_COMMANDS = 
  $ ./config.status 

on teres

config.status:743: creating Makefile

## ---------------- ##
## Cache variables. ##
## ---------------- ##

ac_cv_env_build_alias_set=
ac_cv_env_build_alias_value=
ac_cv_env_host_alias_set=
ac_cv_env_host_alias_value=
ac_cv_env_target_alias_set=
ac_cv_env_target_alias_value=
ac_cv_path_install='/usr/bin/install -c'
ac_cv_path_mkdir=/bin/mkdir
ac_cv_prog_AWK=gawk
ac_cv_prog_make_make_set=yes
am_cv_make_support_nested_variables=yes

## ----------------- ##
## Output variables. ##
## ----------------- ##

ACLOCAL='${SHELL} /home/thrall/nix-bundle/nix-user-chroot/missing aclocal-1.16'
AMTAR='$${TAR-tar}'
AM_BACKSLASH='\'
AM_DEFAULT_V='$(AM_DEFAULT_VERBOSITY)'
AM_DEFAULT_VERBOSITY='1'
AM_V='$(V)'
AUTOCONF='${SHELL} /home/thrall/nix-bundle/nix-user-chroot/missing autoconf'
AUTOHEADER='${SHELL} /home/thrall/nix-bundle/nix-user-chroot/missing autoheader'
AUTOMAKE='${SHELL} /home/thrall/nix-bundle/nix-user-chroot/missing automake-1.16'
AWK='gawk'
CYGPATH_W='echo'
DEFS='-DPACKAGE_NAME=\"nix-user-chroot\" -DPACKAGE_TARNAME=\"nix-user-chroot\" -DPACKAGE_VERSION=\"0.1\" -DPACKAGE_STRING=\"nix-user-chroot\ 0.1\" -DPACKAGE_BUGREPORT=\"a@b.c\" -DPACKAGE_URL=\"\" -DPACKAGE=\"nix-user-chroot\" -DVERSION=\"0.1\"'
ECHO_C=''
ECHO_N='-n'
ECHO_T=''
INSTALL_DATA='${INSTALL} -m 644'
INSTALL_PROGRAM='${INSTALL}'
INSTALL_SCRIPT='${INSTALL}'
INSTALL_STRIP_PROGRAM='$(install_sh) -c -s'
LIBOBJS=''
LIBS=''
LTLIBOBJS=''
MAKEINFO='${SHELL} /home/thrall/nix-bundle/nix-user-chroot/missing makeinfo'
MKDIR_P='/bin/mkdir -p'
PACKAGE='nix-user-chroot'
PACKAGE_BUGREPORT='a@b.c'
PACKAGE_NAME='nix-user-chroot'
PACKAGE_STRING='nix-user-chroot 0.1'
PACKAGE_TARNAME='nix-user-chroot'
PACKAGE_URL=''
PACKAGE_VERSION='0.1'
PATH_SEPARATOR=':'
SET_MAKE=''
SHELL='/bin/bash'
STRIP=''
VERSION='0.1'
am__isrc=''
am__leading_dot='.'
am__tar='$${TAR-tar} chof - "$$tardir"'
am__untar='$${TAR-tar} xf -'
bindir='${exec_prefix}/bin'
build_alias=''
datadir='${datarootdir}'
datarootdir='${prefix}/share'
docdir='${datarootdir}/doc/${PACKAGE_TARNAME}'
dvidir='${docdir}'
exec_prefix='${prefix}'
host_alias=''
htmldir='${docdir}'
includedir='${prefix}/include'
infodir='${datarootdir}/info'
install_sh='${SHELL} /home/thrall/nix-bundle/nix-user-chroot/install-sh'
libdir='${exec_prefix}/lib'
libexecdir='${exec_prefix}/libexec'
localedir='${datarootdir}/locale'
localstatedir='${prefix}/var'
mandir='${datarootdir}/man'
mkdir_p='$(MKDIR_P)'
oldincludedir='/usr/include'
pdfdir='${docdir}'
prefix='/usr/local'
program_transform_name='s,x,x,'
psdir='${docdir}'
runstatedir='${localstatedir}/run'
sbindir='${exec_prefix}/sbin'
sharedstatedir='${prefix}/com'
sysconfdir='${prefix}/etc'
target_alias=''

## ----------- ##
## confdefs.h. ##
## ----------- ##

/* confdefs.h */
#define PACKAGE_NAME "nix-user-chroot"
#define PACKAGE_TARNAME "nix-user-chroot"
#define PACKAGE_VERSION "0.1"
#define PACKAGE_STRING "nix-user-chroot 0.1"
#define PACKAGE_BUGREPORT "a@b.c"
#define PACKAGE_URL ""
#define PACKAGE "nix-user-chroot"
#define VERSION "0.1"

configure: exit 0
